# JRE version: Java(TM) SE Runtime Environment (8.0_181-b13) (build 1.8.0_181-b13)
# Java VM: Java HotSpot(TM) 64-Bit Server VM (25.181-b13 mixed mode windows-amd64 compressed oops)
Heap:
 garbage-first heap   total 262144K, used 34154K [0x00000000c0000000, 0x00000000c0100800, 0x0000000100000000)
  region size 1024K, 28 young (28672K), 7 survivors (7168K)
 Metaspace       used 22568K, capacity 23758K, committed 24064K, reserved 1071104K
  class space    used 2408K, capacity 2733K, committed 2816K, reserved 1048576K
GC Heap History (6 events):
Event: 0.900 GC heap before
{Heap before GC invocations=0 (full 0):
 garbage-first heap   total 262144K, used 24576K [0x00000000c0000000, 0x00000000c0100800, 0x0000000100000000)
  region size 1024K, 24 young (24576K), 0 survivors (0K)
 Metaspace       used 8036K, capacity 8152K, committed 8320K, reserved 1056768K
  class space    used 845K, capacity 889K, committed 896K, reserved 1048576K
Event: 0.906 GC heap after
Heap after GC invocations=1 (full 0):
 garbage-first heap   total 262144K, used 5774K [0x00000000c0000000, 0x00000000c0100800, 0x0000000100000000)
  region size 1024K, 3 young (3072K), 3 survivors (3072K)
 Metaspace       used 8036K, capacity 8152K, committed 8320K, reserved 1056768K
  class space    used 845K, capacity 889K, committed 896K, reserved 1048576K
}
Event: 1.554 GC heap before
{Heap before GC invocations=1 (full 0):
 garbage-first heap   total 262144K, used 40590K [0x00000000c0000000, 0x00000000c0100800, 0x0000000100000000)
  region size 1024K, 37 young (37888K), 3 survivors (3072K)
 Metaspace       used 19959K, capacity 21034K, committed 21120K, reserved 1069056K
  class space    used 2045K, capacity 2350K, committed 2432K, reserved 1048576K
Event: 1.565 GC heap after
Heap after GC invocations=2 (full 0):
 garbage-first heap   total 262144K, used 18562K [0x00000000c0000000, 0x00000000c0100800, 0x0000000100000000)
  region size 1024K, 5 young (5120K), 5 survivors (5120K)
 Metaspace       used 19959K, capacity 21034K, committed 21120K, reserved 1069056K
  class space    used 2045K, capacity 2350K, committed 2432K, reserved 1048576K
}
Event: 1.585 GC heap before
{Heap before GC invocations=2 (full 0):
 garbage-first heap   total 262144K, used 19586K [0x00000000c0000000, 0x00000000c0100800, 0x0000000100000000)
  region size 1024K, 7 young (7168K), 5 survivors (5120K)
 Metaspace       used 20222K, capacity 21196K, committed 21296K, reserved 1069056K
  class space    used 2077K, capacity 2383K, committed 2432K, reserved 1048576K
Event: 1.589 GC heap after
Heap after GC invocations=3 (full 0):
 garbage-first heap   total 262144K, used 19948K [0x00000000c0000000, 0x00000000c0100800, 0x0000000100000000)
  region size 1024K, 7 young (7168K), 7 survivors (7168K)
 Metaspace       used 20222K, capacity 21196K, committed 21296K, reserved 1069056K
  class space    used 2077K, capacity 2383K, committed 2432K, reserved 1048576K
}

