# JRE version: Java(TM) SE Runtime Environment (8.0_181-b13) (build 1.8.0_181-b13)
# Java VM: Java HotSpot(TM) 64-Bit Server VM (25.181-b13 mixed mode windows-amd64 compressed oops)
Heap:
 garbage-first heap   total 348160K, used 92160K [0x00000000c0000000, 0x00000000c0100aa0, 0x0000000100000000)
  region size 1024K, 40 young (40960K), 3 survivors (3072K)
 Metaspace       used 40559K, capacity 42744K, committed 43084K, reserved 1087488K
  class space    used 4398K, capacity 5090K, committed 5196K, reserved 1048576K
GC Heap History (10 events):
Event: 19.542 GC heap before
{Heap before GC invocations=18 (full 0):
 garbage-first heap   total 262144K, used 203616K [0x00000000c0000000, 0x00000000c0100800, 0x0000000100000000)
  region size 1024K, 147 young (150528K), 2 survivors (2048K)
 Metaspace       used 38402K, capacity 40516K, committed 40780K, reserved 1085440K
  class space    used 4217K, capacity 4922K, committed 4940K, reserved 1048576K
Event: 19.555 GC heap after
Heap after GC invocations=19 (full 0):
 garbage-first heap   total 262144K, used 70681K [0x00000000c0000000, 0x00000000c0100800, 0x0000000100000000)
  region size 1024K, 18 young (18432K), 18 survivors (18432K)
 Metaspace       used 38402K, capacity 40516K, committed 40780K, reserved 1085440K
  class space    used 4217K, capacity 4922K, committed 4940K, reserved 1048576K
}
Event: 28.074 GC heap before
{Heap before GC invocations=19 (full 0):
 garbage-first heap   total 262144K, used 207897K [0x00000000c0000000, 0x00000000c0100800, 0x0000000100000000)
  region size 1024K, 152 young (155648K), 18 survivors (18432K)
 Metaspace       used 39307K, capacity 41444K, committed 41676K, reserved 1085440K
  class space    used 4267K, capacity 4954K, committed 5068K, reserved 1048576K
Event: 28.087 GC heap after
Heap after GC invocations=20 (full 0):
 garbage-first heap   total 262144K, used 79675K [0x00000000c0000000, 0x00000000c0100800, 0x0000000100000000)
  region size 1024K, 11 young (11264K), 11 survivors (11264K)
 Metaspace       used 39307K, capacity 41444K, committed 41676K, reserved 1085440K
  class space    used 4267K, capacity 4954K, committed 5068K, reserved 1048576K
}
Event: 33.963 GC heap before
{Heap before GC invocations=20 (full 0):
 garbage-first heap   total 262144K, used 214843K [0x00000000c0000000, 0x00000000c0100800, 0x0000000100000000)
  region size 1024K, 143 young (146432K), 11 survivors (11264K)
 Metaspace       used 39649K, capacity 41828K, committed 42188K, reserved 1087488K
  class space    used 4304K, capacity 4974K, committed 5068K, reserved 1048576K
Event: 33.969 GC heap after
Heap after GC invocations=21 (full 0):
 garbage-first heap   total 262144K, used 74043K [0x00000000c0000000, 0x00000000c0100800, 0x0000000100000000)
  region size 1024K, 6 young (6144K), 6 survivors (6144K)
 Metaspace       used 39649K, capacity 41828K, committed 42188K, reserved 1087488K
  class space    used 4304K, capacity 4974K, committed 5068K, reserved 1048576K
}
Event: 17841.877 GC heap before
{Heap before GC invocations=21 (full 0):
 garbage-first heap   total 262144K, used 217403K [0x00000000c0000000, 0x00000000c0100800, 0x0000000100000000)
  region size 1024K, 146 young (149504K), 6 survivors (6144K)
 Metaspace       used 40464K, capacity 42650K, committed 42828K, reserved 1087488K
  class space    used 4383K, capacity 5077K, committed 5196K, reserved 1048576K
Event: 17842.378 GC heap after
Heap after GC invocations=22 (full 0):
 garbage-first heap   total 348160K, used 198153K [0x00000000c0000000, 0x00000000c0100aa0, 0x0000000100000000)
  region size 1024K, 19 young (19456K), 19 survivors (19456K)
 Metaspace       used 40464K, capacity 42650K, committed 42828K, reserved 1087488K
  class space    used 4383K, capacity 5077K, committed 5196K, reserved 1048576K
}
Event: 17946.356 GC heap before
{Heap before GC invocations=22 (full 0):
 garbage-first heap   total 348160K, used 199177K [0x00000000c0000000, 0x00000000c0100aa0, 0x0000000100000000)
  region size 1024K, 20 young (20480K), 19 survivors (19456K)
 Metaspace       used 40470K, capacity 42650K, committed 42828K, reserved 1087488K
  class space    used 4383K, capacity 5077K, committed 5196K, reserved 1048576K
Event: 17946.376 GC heap after
Heap after GC invocations=23 (full 0):
 garbage-first heap   total 348160K, used 190304K [0x00000000c0000000, 0x00000000c0100aa0, 0x0000000100000000)
  region size 1024K, 3 young (3072K), 3 survivors (3072K)
 Metaspace       used 40470K, capacity 42650K, committed 42828K, reserved 1087488K
  class space    used 4383K, capacity 5077K, committed 5196K, reserved 1048576K
}

